2020-11-22 00:12:05,404 INFO o.s.t.c.s.AbstractTestContextBootstrapper [main] Neither @ContextConfiguration nor @ContextHierarchy found for test class [com.triangledeterminer.controller.TriangleControllerTest], using SpringBootContextLoader
2020-11-22 00:12:05,451 INFO o.s.t.c.s.AbstractContextLoader [main] Could not detect default resource locations for test class [com.triangledeterminer.controller.TriangleControllerTest]: no resource found for suffixes {-context.xml, Context.groovy}.
2020-11-22 00:12:05,457 INFO o.s.t.c.s.AnnotationConfigContextLoaderUtils [main] Could not detect default configuration classes for test class [com.triangledeterminer.controller.TriangleControllerTest]: TriangleControllerTest does not declare any static, non-private, non-final, nested classes annotated with @Configuration.
2020-11-22 00:12:06,040 INFO o.s.b.t.c.SpringBootTestContextBootstrapper [main] Found @SpringBootConfiguration com.triangledeterminer.TriangleDeterminerApplication for test class com.triangledeterminer.controller.TriangleControllerTest
2020-11-22 00:12:06,505 INFO o.s.t.c.s.AbstractTestContextBootstrapper [main] Loaded default TestExecutionListener class names from location [META-INF/spring.factories]: [org.springframework.boot.test.mock.mockito.MockitoTestExecutionListener, org.springframework.boot.test.mock.mockito.ResetMocksTestExecutionListener, org.springframework.boot.test.autoconfigure.restdocs.RestDocsTestExecutionListener, org.springframework.boot.test.autoconfigure.web.client.MockRestServiceServerResetTestExecutionListener, org.springframework.boot.test.autoconfigure.web.servlet.MockMvcPrintOnlyOnFailureTestExecutionListener, org.springframework.boot.test.autoconfigure.web.servlet.WebDriverTestExecutionListener, org.springframework.boot.test.autoconfigure.webservices.client.MockWebServiceServerTestExecutionListener, org.springframework.test.context.web.ServletTestExecutionListener, org.springframework.test.context.support.DirtiesContextBeforeModesTestExecutionListener, org.springframework.test.context.support.DependencyInjectionTestExecutionListener, org.springframework.test.context.support.DirtiesContextTestExecutionListener, org.springframework.test.context.transaction.TransactionalTestExecutionListener, org.springframework.test.context.jdbc.SqlScriptsTestExecutionListener, org.springframework.test.context.event.EventPublishingTestExecutionListener]
2020-11-22 00:12:06,653 INFO o.s.t.c.s.AbstractTestContextBootstrapper [main] Using TestExecutionListeners: [org.springframework.test.context.web.ServletTestExecutionListener@15bcf458, org.springframework.test.context.support.DirtiesContextBeforeModesTestExecutionListener@5af9926a, org.springframework.boot.test.mock.mockito.MockitoTestExecutionListener@43c67247, org.springframework.boot.test.autoconfigure.SpringBootDependencyInjectionTestExecutionListener@fac80, org.springframework.test.context.support.DirtiesContextTestExecutionListener@726386ed, org.springframework.test.context.event.EventPublishingTestExecutionListener@649f2009, org.springframework.boot.test.mock.mockito.ResetMocksTestExecutionListener@14bb2297, org.springframework.boot.test.autoconfigure.restdocs.RestDocsTestExecutionListener@69adf72c, org.springframework.boot.test.autoconfigure.web.client.MockRestServiceServerResetTestExecutionListener@797501a, org.springframework.boot.test.autoconfigure.web.servlet.MockMvcPrintOnlyOnFailureTestExecutionListener@1a15b789, org.springframework.boot.test.autoconfigure.web.servlet.WebDriverTestExecutionListener@57f791c6, org.springframework.boot.test.autoconfigure.webservices.client.MockWebServiceServerTestExecutionListener@51650883]
2020-11-22 00:12:08,584 INFO o.s.b.StartupInfoLogger [main] Starting TriangleControllerTest on KanikaSharma with PID 7152 (started by Kanika Sharma in E:\Eclipse_setup\Java_Coursera\TriangleDeterminer)
2020-11-22 00:12:08,605 DEBUG o.s.b.StartupInfoLogger [main] Running with Spring Boot v2.3.5.RELEASE, Spring v5.2.10.RELEASE
2020-11-22 00:12:08,613 INFO o.s.b.SpringApplication [main] No active profile set, falling back to default profiles: default
2020-11-22 00:12:13,382 INFO o.s.s.c.ExecutorConfigurationSupport [main] Initializing ExecutorService 'applicationTaskExecutor'
2020-11-22 00:12:14,095 INFO o.s.m.w.MockServletContext [main] Initializing Spring TestDispatcherServlet ''
2020-11-22 00:12:14,097 INFO o.s.w.s.FrameworkServlet [main] Initializing Servlet ''
2020-11-22 00:12:14,126 INFO o.s.w.s.FrameworkServlet [main] Completed initialization in 27 ms
2020-11-22 00:12:14,193 INFO o.s.b.StartupInfoLogger [main] Started TriangleControllerTest in 6.771 seconds (JVM running for 13.184)
2020-11-22 00:12:16,117 INFO c.t.c.TriangleController [main] Input Triangle Side1 : 3.1, Side2 : 3.2, Side3 : 3.3 
2020-11-22 00:12:16,119 INFO c.t.v.Validator [main] Empty Triangle Sides Exception
2020-11-22 00:12:16,121 INFO c.t.v.Validator [main] Validate finished
2020-11-22 00:12:16,126 INFO c.t.m.TriangleDeterminer [main] Triangle Side1 : 3.1, Side2 : 3.2, Side3 : 3.3  
2020-11-22 00:12:16,128 INFO c.t.s.TriangleSidesStrategy [main] In DetermineType Side1 : 3.1, Side2 : 3.2, Side3 : 3.3 
2020-11-22 00:12:16,133 INFO c.t.m.TriangleDeterminer [main] Type after qualify method : SCALENE
2020-11-22 00:12:16,391 INFO c.t.s.TriangleSidesStrategy [main] In DetermineType Side1 : 2.5, Side2 : 2.5, Side3 : 2.5 
2020-11-22 00:12:16,400 INFO c.t.s.TriangleSidesStrategy [main] In DetermineType Side1 : 3.3, Side2 : 2.5, Side3 : 3.3 
2020-11-22 00:12:16,453 INFO c.t.s.TriangleSidesStrategy [main] In DetermineType Side1 : 1.5, Side2 : 2.5, Side3 : 3.5 
2020-11-22 00:12:16,467 INFO o.s.t.c.s.AbstractTestContextBootstrapper [main] Neither @ContextConfiguration nor @ContextHierarchy found for test class [com.triangledeterminer.test.TriangleDeterminerApplicationTests], using SpringBootContextLoader
2020-11-22 00:12:16,479 INFO o.s.t.c.s.AbstractContextLoader [main] Could not detect default resource locations for test class [com.triangledeterminer.test.TriangleDeterminerApplicationTests]: no resource found for suffixes {-context.xml, Context.groovy}.
2020-11-22 00:12:16,482 INFO o.s.t.c.s.AnnotationConfigContextLoaderUtils [main] Could not detect default configuration classes for test class [com.triangledeterminer.test.TriangleDeterminerApplicationTests]: TriangleDeterminerApplicationTests does not declare any static, non-private, non-final, nested classes annotated with @Configuration.
2020-11-22 00:12:16,507 INFO o.s.b.t.c.SpringBootTestContextBootstrapper [main] Found @SpringBootConfiguration com.triangledeterminer.TriangleDeterminerApplication for test class com.triangledeterminer.test.TriangleDeterminerApplicationTests
2020-11-22 00:12:16,546 INFO o.s.t.c.s.AbstractTestContextBootstrapper [main] Loaded default TestExecutionListener class names from location [META-INF/spring.factories]: [org.springframework.boot.test.mock.mockito.MockitoTestExecutionListener, org.springframework.boot.test.mock.mockito.ResetMocksTestExecutionListener, org.springframework.boot.test.autoconfigure.restdocs.RestDocsTestExecutionListener, org.springframework.boot.test.autoconfigure.web.client.MockRestServiceServerResetTestExecutionListener, org.springframework.boot.test.autoconfigure.web.servlet.MockMvcPrintOnlyOnFailureTestExecutionListener, org.springframework.boot.test.autoconfigure.web.servlet.WebDriverTestExecutionListener, org.springframework.boot.test.autoconfigure.webservices.client.MockWebServiceServerTestExecutionListener, org.springframework.test.context.web.ServletTestExecutionListener, org.springframework.test.context.support.DirtiesContextBeforeModesTestExecutionListener, org.springframework.test.context.support.DependencyInjectionTestExecutionListener, org.springframework.test.context.support.DirtiesContextTestExecutionListener, org.springframework.test.context.transaction.TransactionalTestExecutionListener, org.springframework.test.context.jdbc.SqlScriptsTestExecutionListener, org.springframework.test.context.event.EventPublishingTestExecutionListener]
2020-11-22 00:12:16,552 INFO o.s.t.c.s.AbstractTestContextBootstrapper [main] Using TestExecutionListeners: [org.springframework.test.context.web.ServletTestExecutionListener@5f61e002, org.springframework.test.context.support.DirtiesContextBeforeModesTestExecutionListener@334540a0, org.springframework.boot.test.mock.mockito.MockitoTestExecutionListener@1f179f51, org.springframework.boot.test.autoconfigure.SpringBootDependencyInjectionTestExecutionListener@b428830, org.springframework.test.context.support.DirtiesContextTestExecutionListener@5b7308aa, org.springframework.test.context.event.EventPublishingTestExecutionListener@42aa1324, org.springframework.boot.test.mock.mockito.ResetMocksTestExecutionListener@6164e137, org.springframework.boot.test.autoconfigure.restdocs.RestDocsTestExecutionListener@7ef8e623, org.springframework.boot.test.autoconfigure.web.client.MockRestServiceServerResetTestExecutionListener@3d8d970e, org.springframework.boot.test.autoconfigure.web.servlet.MockMvcPrintOnlyOnFailureTestExecutionListener@2fac80a8, org.springframework.boot.test.autoconfigure.web.servlet.WebDriverTestExecutionListener@6987a133, org.springframework.boot.test.autoconfigure.webservices.client.MockWebServiceServerTestExecutionListener@50778bde]
2020-11-22 00:12:16,791 INFO o.s.b.StartupInfoLogger [main] Starting TriangleDeterminerApplicationTests on KanikaSharma with PID 7152 (started by Kanika Sharma in E:\Eclipse_setup\Java_Coursera\TriangleDeterminer)
2020-11-22 00:12:16,802 DEBUG o.s.b.StartupInfoLogger [main] Running with Spring Boot v2.3.5.RELEASE, Spring v5.2.10.RELEASE
2020-11-22 00:12:16,810 INFO o.s.b.SpringApplication [main] No active profile set, falling back to default profiles: default
2020-11-22 00:12:18,415 INFO o.s.s.c.ExecutorConfigurationSupport [main] Initializing ExecutorService 'applicationTaskExecutor'
2020-11-22 00:12:18,817 INFO o.s.b.StartupInfoLogger [main] Started TriangleDeterminerApplicationTests in 2.253 seconds (JVM running for 17.808)
2020-11-22 00:12:18,895 INFO c.t.v.Validator [main] Empty Triangle Sides Exception
2020-11-22 00:12:18,903 INFO c.t.v.Validator [main] Validate finished
2020-11-22 00:12:18,914 INFO c.t.v.Validator [main] Empty Triangle Sides Exception
2020-11-22 00:12:18,928 INFO c.t.v.Validator [main] Empty Triangle Sides Exception
2020-11-22 00:12:18,933 INFO c.t.v.Validator [main] Empty Triangle Sides Exception
2020-11-22 00:12:18,937 INFO c.t.v.Validator [main] Empty Triangle Sides Exception
2020-11-22 00:12:18,938 INFO c.t.v.Validator [main] Validate finished
2020-11-22 00:12:18,942 INFO c.t.v.Validator [main] Empty Triangle Sides Exception
2020-11-22 00:12:18,946 INFO c.t.v.Validator [main] Empty Triangle Sides Exception
2020-11-22 00:12:18,953 INFO c.t.v.Validator [main] Empty Triangle Sides Exception
2020-11-22 00:12:19,117 INFO o.s.s.c.ExecutorConfigurationSupport [SpringContextShutdownHook] Shutting down ExecutorService 'applicationTaskExecutor'
2020-11-22 00:12:19,116 INFO o.s.s.c.ExecutorConfigurationSupport [SpringContextShutdownHook] Shutting down ExecutorService 'applicationTaskExecutor'
